2025-08-10 17:39:52,658 - WARNING - profanity_check not available, using basic detection
2025-08-10 17:39:52,658 - INFO - Initialized detection system with 2808 words
2025-08-10 17:39:52,659 - INFO - Thai words: 86, English words: 2720
2025-08-10 17:39:53,957 - INFO - Successfully connected to savezanarak
2025-08-10 19:43:15,427 - WARNING - profanity_check not available, using basic detection
2025-08-10 19:43:15,427 - INFO - Initialized detection system with 2808 words
2025-08-10 19:43:15,428 - INFO - Thai words: 86, English words: 2720
2025-08-10 19:43:16,729 - INFO - Successfully connected to savezanarak
2025-08-12 12:48:47,792 - WARNING - profanity_check not available, using basic detection
2025-08-12 12:48:47,793 - INFO - Initialized detection system with 2808 words
2025-08-12 12:48:47,793 - INFO - Thai words: 86, English words: 2720
2025-08-12 12:48:49,014 - INFO - Successfully connected to savezanarak
2025-08-12 13:28:00,187 - WARNING - profanity_check not available, using basic detection
2025-08-12 13:28:00,188 - INFO - Initialized detection system with 2808 words
2025-08-12 13:28:00,188 - INFO - Thai words: 86, English words: 2720
2025-08-12 13:28:01,433 - INFO - Successfully connected to savezanarak
2025-08-12 13:38:43,588 - WARNING - profanity_check not available, using basic detection
2025-08-12 13:38:43,588 - INFO - Initialized detection system with 2808 words
2025-08-12 13:38:43,588 - INFO - Thai words: 86, English words: 2720
2025-08-12 13:38:44,872 - INFO - Successfully connected to savezanarak
2025-08-12 13:45:13,901 - WARNING - profanity_check not available, using basic detection
2025-08-12 13:45:13,901 - INFO - Initialized detection system with 2808 words
2025-08-12 13:45:13,901 - INFO - Thai words: 86, English words: 2720
2025-08-12 13:45:15,249 - INFO - Successfully connected to savezanarak
2025-08-12 13:51:27,913 - WARNING - profanity_check not available, using basic detection
2025-08-12 13:51:27,914 - INFO - Initialized detection system with 2808 words
2025-08-12 13:51:27,914 - INFO - Thai words: 86, English words: 2720
2025-08-12 13:51:29,197 - INFO - Successfully connected to savezanarak
2025-08-12 14:07:44,936 - WARNING - profanity_check not available, using basic detection
2025-08-12 14:07:44,936 - INFO - Initialized detection system with 2808 words
2025-08-12 14:07:44,936 - INFO - Thai words: 86, English words: 2720
2025-08-12 14:10:01,844 - WARNING - profanity_check not available, using basic detection
2025-08-12 14:10:01,844 - INFO - Initialized detection system with 2808 words
2025-08-12 14:10:01,844 - INFO - Thai words: 86, English words: 2720
2025-08-12 14:10:03,142 - INFO - Successfully connected to savezanarak
2025-08-12 14:15:51,239 - WARNING - profanity_check not available, using basic detection
2025-08-12 14:15:51,239 - INFO - Initialized detection system with 2808 words
2025-08-12 14:15:51,239 - INFO - Thai words: 86, English words: 2720
2025-08-12 14:15:52,495 - INFO - Successfully connected to savezanarak
2025-08-12 14:44:35,273 - WARNING - profanity_check not available, using basic detection
2025-08-12 14:44:35,273 - INFO - Initialized detection system with 2808 words
2025-08-12 14:44:35,274 - INFO - Thai words: 86, English words: 2720
2025-08-12 14:44:36,554 - INFO - Successfully connected to savezanarak
2025-08-13 15:30:05,400 - WARNING - profanity_check not available, using basic detection
2025-08-13 15:30:05,401 - INFO - Initialized detection system with 2808 words
2025-08-13 15:30:05,401 - INFO - Thai words: 86, English words: 2720
2025-08-13 15:30:06,671 - INFO - Successfully connected to savezanarak
2025-08-13 15:33:46,413 - WARNING - profanity_check not available, using basic detection
2025-08-13 15:33:46,414 - INFO - Initialized detection system with 2808 words
2025-08-13 15:33:46,414 - INFO - Thai words: 86, English words: 2720
2025-08-13 15:33:47,692 - INFO - Successfully connected to savezanarak
2025-08-20 17:00:08,278 - WARNING - profanity_check not available, using basic detection
2025-08-20 17:00:08,278 - INFO - Initialized detection system with 2808 words
2025-08-20 17:00:08,278 - INFO - Thai words: 86, English words: 2720
2025-08-20 17:00:09,557 - INFO - Successfully connected to savezanarak
2025-08-20 17:21:35,219 - WARNING - profanity_check not available, using basic detection
2025-08-20 17:21:35,219 - INFO - Initialized detection system with 2808 words
2025-08-20 17:21:35,219 - INFO - Thai words: 86, English words: 2720
2025-08-20 17:21:36,501 - INFO - Successfully connected to savezanarak
2025-08-24 22:43:15,095 - ERROR - Error initializing detection system: name 'PROFANITY_CHECK_AVAILABLE' is not defined
2025-08-24 22:43:16,411 - INFO - Successfully connected to savezanarak
2025-08-27 22:04:31,824 - INFO - Initialized detection system with 2808 words
2025-08-27 22:04:31,825 - INFO - Thai words: 86, English words: 2720
2025-08-27 22:04:33,123 - INFO - Successfully connected to savezanarak
